<?xml version="1.0" encoding="UTF-8"?>
<testng-results ignored="0" total="3" passed="3" failed="0" skipped="0">
  <reporter-output>
  </reporter-output>
  <suite started-at="2024-01-27T15:12:30 IST" name="Gradle suite" finished-at="2024-01-27T15:13:19 IST" duration-ms="49816">
    <groups>
    </groups>
    <test started-at="2024-01-27T15:12:30 IST" name="Gradle test" finished-at="2024-01-27T15:13:19 IST" duration-ms="49816">
      <class name="qtriptest.tests.TestCase_01">
        <test-method is-config="true" signature="createDriver()[pri:0, instance:qtriptest.tests.TestCase_01@4803b726]" started-at="2024-01-27T15:12:28 IST" name="createDriver" finished-at="2024-01-27T15:12:30 IST" duration-ms="2015" status="PASS">
          <reporter-output>
          </reporter-output>
        </test-method> <!-- createDriver -->
        <test-method signature="TestCase01(java.lang.String,java.lang.String)[pri:0, instance:qtriptest.tests.TestCase_01@4803b726]" started-at="2024-01-27T15:12:31 IST" name="TestCase01" description="TestCase01" data-provider="Qtriptestdata" finished-at="2024-01-27T15:12:48 IST" duration-ms="16453" status="PASS">
          <params>
            <param index="0">
              <value>
                <![CDATA[testuser@gmail.com]]>
              </value>
            </param>
            <param index="1">
              <value>
                <![CDATA[abc@123]]>
              </value>
            </param>
          </params>
          <reporter-output>
          </reporter-output>
        </test-method> <!-- TestCase01 -->
        <test-method signature="TestCase01(java.lang.String,java.lang.String)[pri:0, instance:qtriptest.tests.TestCase_01@4803b726]" started-at="2024-01-27T15:12:48 IST" name="TestCase01" description="TestCase01" data-provider="Qtriptestdata" finished-at="2024-01-27T15:13:04 IST" duration-ms="15766" status="PASS">
          <params>
            <param index="0">
              <value>
                <![CDATA[TESTUSER@gmail.com]]>
              </value>
            </param>
            <param index="1">
              <value>
                <![CDATA[123456.0]]>
              </value>
            </param>
          </params>
          <reporter-output>
          </reporter-output>
        </test-method> <!-- TestCase01 -->
        <test-method signature="TestCase01(java.lang.String,java.lang.String)[pri:0, instance:qtriptest.tests.TestCase_01@4803b726]" started-at="2024-01-27T15:13:04 IST" name="TestCase01" description="TestCase01" data-provider="Qtriptestdata" finished-at="2024-01-27T15:13:19 IST" duration-ms="15742" status="PASS">
          <params>
            <param index="0">
              <value>
                <![CDATA[123_USER_low@gmail.com]]>
              </value>
            </param>
            <param index="1">
              <value>
                <![CDATA[QWERTY!!!!]]>
              </value>
            </param>
          </params>
          <reporter-output>
          </reporter-output>
        </test-method> <!-- TestCase01 -->
        <test-method is-config="true" signature="quitDriver()[pri:0, instance:qtriptest.tests.TestCase_01@4803b726]" started-at="2024-01-27T15:13:19 IST" name="quitDriver" finished-at="2024-01-27T15:13:20 IST" duration-ms="175" status="PASS">
          <reporter-output>
          </reporter-output>
        </test-method> <!-- quitDriver -->
      </class> <!-- qtriptest.tests.TestCase_01 -->
    </test> <!-- Gradle test -->
  </suite> <!-- Gradle suite -->
</testng-results>
